Performing C++ SOURCE FILE Test CMAKE_HAVE_LIBC_PTHREAD failed with the following output:
Change Dir: /home/domtaxx/Desktop/ Github Repositorios/Travis_integration_C++/build-calculadora-Desktop-Debug/CMakeFiles/CMakeTmp

Run Build Command(s):/usr/bin/ninja cmTC_3714b && [1/2] Building CXX object CMakeFiles/cmTC_3714b.dir/src.cxx.o
[2/2] Linking CXX executable cmTC_3714b
FAILED: cmTC_3714b 
: && /usr/bin/g++  -DCMAKE_HAVE_LIBC_PTHREAD   CMakeFiles/cmTC_3714b.dir/src.cxx.o  -o cmTC_3714b   && :
/usr/bin/ld: CMakeFiles/cmTC_3714b.dir/src.cxx.o: en la función `main':
src.cxx:(.text+0x3e): referencia a `pthread_create' sin definir
/usr/bin/ld: src.cxx:(.text+0x4a): referencia a `pthread_detach' sin definir
/usr/bin/ld: src.cxx:(.text+0x56): referencia a `pthread_cancel' sin definir
/usr/bin/ld: src.cxx:(.text+0x67): referencia a `pthread_join' sin definir
collect2: error: ld devolvió el estado de salida 1
ninja: build stopped: subcommand failed.


Source file was:
#include <pthread.h>

void* test_func(void* data)
{
  return data;
}

int main(void)
{
  pthread_t thread;
  pthread_create(&thread, NULL, test_func, NULL);
  pthread_detach(thread);
  pthread_cancel(thread);
  pthread_join(thread, NULL);
  pthread_atfork(NULL, NULL, NULL);
  pthread_exit(NULL);

  return 0;
}

Determining if the function pthread_create exists in the pthreads failed with the following output:
Change Dir: /home/domtaxx/Desktop/ Github Repositorios/Travis_integration_C++/build-calculadora-Desktop-Debug/CMakeFiles/CMakeTmp

Run Build Command(s):/usr/bin/ninja cmTC_4e264 && [1/2] Building CXX object CMakeFiles/cmTC_4e264.dir/CheckFunctionExists.cxx.o
[2/2] Linking CXX executable cmTC_4e264
FAILED: cmTC_4e264 
: && /usr/bin/g++  -DCHECK_FUNCTION_EXISTS=pthread_create   CMakeFiles/cmTC_4e264.dir/CheckFunctionExists.cxx.o  -o cmTC_4e264  -lpthreads && :
/usr/bin/ld: no se puede encontrar -lpthreads
collect2: error: ld devolvió el estado de salida 1
ninja: build stopped: subcommand failed.



